#! /usr/bin/vvp
:ivl_version "10.1 (stable)";
:ivl_delay_selection "TYPICAL";
:vpi_time_precision + 0;
:vpi_module "system";
:vpi_module "vhdl_sys";
:vpi_module "v2005_math";
:vpi_module "va_math";
S_0x7fffbf8e4200 .scope module, "testbench" "testbench" 2 2;
 .timescale 0 0;
v0x7fffbf9052f0_0 .net "imm", 63 0, v0x7fffbf904e30_0;  1 drivers
v0x7fffbf9053b0_0 .var "inst", 31 0;
S_0x7fffbf8e4380 .scope module, "testimm" "immgen" 2 5, 3 1 0, S_0x7fffbf8e4200;
 .timescale 0 0;
    .port_info 0 /INPUT 32 "inst"
    .port_info 1 /OUTPUT 64 "imm"
v0x7fffbf8e4500_0 .net *"_s1", 0 0, L_0x7fffbf905450;  1 drivers
v0x7fffbf904460_0 .net *"_s10", 52 0, L_0x7fffbf905e40;  1 drivers
v0x7fffbf904540_0 .net *"_s13", 5 0, L_0x7fffbf9064f0;  1 drivers
v0x7fffbf904600_0 .net *"_s15", 4 0, L_0x7fffbf906590;  1 drivers
v0x7fffbf9046e0_0 .net *"_s19", 0 0, L_0x7fffbf906820;  1 drivers
v0x7fffbf904810_0 .net *"_s2", 52 0, L_0x7fffbf9054f0;  1 drivers
v0x7fffbf9048f0_0 .net *"_s20", 52 0, L_0x7fffbf906920;  1 drivers
v0x7fffbf9049d0_0 .net *"_s23", 0 0, L_0x7fffbf906f90;  1 drivers
v0x7fffbf904ab0_0 .net *"_s25", 5 0, L_0x7fffbf9070a0;  1 drivers
v0x7fffbf904b90_0 .net *"_s27", 3 0, L_0x7fffbf907140;  1 drivers
v0x7fffbf904c70_0 .net *"_s5", 10 0, L_0x7fffbf905bb0;  1 drivers
v0x7fffbf904d50_0 .net *"_s9", 0 0, L_0x7fffbf905da0;  1 drivers
v0x7fffbf904e30_0 .var "imm", 63 0;
v0x7fffbf904f10_0 .net "imm_b", 63 0, L_0x7fffbf907290;  1 drivers
v0x7fffbf904ff0_0 .net "imm_i", 63 0, L_0x7fffbf905c50;  1 drivers
v0x7fffbf9050d0_0 .net "imm_s", 63 0, L_0x7fffbf906680;  1 drivers
v0x7fffbf9051b0_0 .net "inst", 31 0, v0x7fffbf9053b0_0;  1 drivers
E_0x7fffbf8d6ca0 .event edge, v0x7fffbf9051b0_0, v0x7fffbf904ff0_0, v0x7fffbf9050d0_0, v0x7fffbf904f10_0;
L_0x7fffbf905450 .part v0x7fffbf9053b0_0, 31, 1;
LS_0x7fffbf9054f0_0_0 .concat [ 1 1 1 1], L_0x7fffbf905450, L_0x7fffbf905450, L_0x7fffbf905450, L_0x7fffbf905450;
LS_0x7fffbf9054f0_0_4 .concat [ 1 1 1 1], L_0x7fffbf905450, L_0x7fffbf905450, L_0x7fffbf905450, L_0x7fffbf905450;
LS_0x7fffbf9054f0_0_8 .concat [ 1 1 1 1], L_0x7fffbf905450, L_0x7fffbf905450, L_0x7fffbf905450, L_0x7fffbf905450;
LS_0x7fffbf9054f0_0_12 .concat [ 1 1 1 1], L_0x7fffbf905450, L_0x7fffbf905450, L_0x7fffbf905450, L_0x7fffbf905450;
LS_0x7fffbf9054f0_0_16 .concat [ 1 1 1 1], L_0x7fffbf905450, L_0x7fffbf905450, L_0x7fffbf905450, L_0x7fffbf905450;
LS_0x7fffbf9054f0_0_20 .concat [ 1 1 1 1], L_0x7fffbf905450, L_0x7fffbf905450, L_0x7fffbf905450, L_0x7fffbf905450;
LS_0x7fffbf9054f0_0_24 .concat [ 1 1 1 1], L_0x7fffbf905450, L_0x7fffbf905450, L_0x7fffbf905450, L_0x7fffbf905450;
LS_0x7fffbf9054f0_0_28 .concat [ 1 1 1 1], L_0x7fffbf905450, L_0x7fffbf905450, L_0x7fffbf905450, L_0x7fffbf905450;
LS_0x7fffbf9054f0_0_32 .concat [ 1 1 1 1], L_0x7fffbf905450, L_0x7fffbf905450, L_0x7fffbf905450, L_0x7fffbf905450;
LS_0x7fffbf9054f0_0_36 .concat [ 1 1 1 1], L_0x7fffbf905450, L_0x7fffbf905450, L_0x7fffbf905450, L_0x7fffbf905450;
LS_0x7fffbf9054f0_0_40 .concat [ 1 1 1 1], L_0x7fffbf905450, L_0x7fffbf905450, L_0x7fffbf905450, L_0x7fffbf905450;
LS_0x7fffbf9054f0_0_44 .concat [ 1 1 1 1], L_0x7fffbf905450, L_0x7fffbf905450, L_0x7fffbf905450, L_0x7fffbf905450;
LS_0x7fffbf9054f0_0_48 .concat [ 1 1 1 1], L_0x7fffbf905450, L_0x7fffbf905450, L_0x7fffbf905450, L_0x7fffbf905450;
LS_0x7fffbf9054f0_0_52 .concat [ 1 0 0 0], L_0x7fffbf905450;
LS_0x7fffbf9054f0_1_0 .concat [ 4 4 4 4], LS_0x7fffbf9054f0_0_0, LS_0x7fffbf9054f0_0_4, LS_0x7fffbf9054f0_0_8, LS_0x7fffbf9054f0_0_12;
LS_0x7fffbf9054f0_1_4 .concat [ 4 4 4 4], LS_0x7fffbf9054f0_0_16, LS_0x7fffbf9054f0_0_20, LS_0x7fffbf9054f0_0_24, LS_0x7fffbf9054f0_0_28;
LS_0x7fffbf9054f0_1_8 .concat [ 4 4 4 4], LS_0x7fffbf9054f0_0_32, LS_0x7fffbf9054f0_0_36, LS_0x7fffbf9054f0_0_40, LS_0x7fffbf9054f0_0_44;
LS_0x7fffbf9054f0_1_12 .concat [ 4 1 0 0], LS_0x7fffbf9054f0_0_48, LS_0x7fffbf9054f0_0_52;
L_0x7fffbf9054f0 .concat [ 16 16 16 5], LS_0x7fffbf9054f0_1_0, LS_0x7fffbf9054f0_1_4, LS_0x7fffbf9054f0_1_8, LS_0x7fffbf9054f0_1_12;
L_0x7fffbf905bb0 .part v0x7fffbf9053b0_0, 20, 11;
L_0x7fffbf905c50 .concat [ 11 53 0 0], L_0x7fffbf905bb0, L_0x7fffbf9054f0;
L_0x7fffbf905da0 .part v0x7fffbf9053b0_0, 31, 1;
LS_0x7fffbf905e40_0_0 .concat [ 1 1 1 1], L_0x7fffbf905da0, L_0x7fffbf905da0, L_0x7fffbf905da0, L_0x7fffbf905da0;
LS_0x7fffbf905e40_0_4 .concat [ 1 1 1 1], L_0x7fffbf905da0, L_0x7fffbf905da0, L_0x7fffbf905da0, L_0x7fffbf905da0;
LS_0x7fffbf905e40_0_8 .concat [ 1 1 1 1], L_0x7fffbf905da0, L_0x7fffbf905da0, L_0x7fffbf905da0, L_0x7fffbf905da0;
LS_0x7fffbf905e40_0_12 .concat [ 1 1 1 1], L_0x7fffbf905da0, L_0x7fffbf905da0, L_0x7fffbf905da0, L_0x7fffbf905da0;
LS_0x7fffbf905e40_0_16 .concat [ 1 1 1 1], L_0x7fffbf905da0, L_0x7fffbf905da0, L_0x7fffbf905da0, L_0x7fffbf905da0;
LS_0x7fffbf905e40_0_20 .concat [ 1 1 1 1], L_0x7fffbf905da0, L_0x7fffbf905da0, L_0x7fffbf905da0, L_0x7fffbf905da0;
LS_0x7fffbf905e40_0_24 .concat [ 1 1 1 1], L_0x7fffbf905da0, L_0x7fffbf905da0, L_0x7fffbf905da0, L_0x7fffbf905da0;
LS_0x7fffbf905e40_0_28 .concat [ 1 1 1 1], L_0x7fffbf905da0, L_0x7fffbf905da0, L_0x7fffbf905da0, L_0x7fffbf905da0;
LS_0x7fffbf905e40_0_32 .concat [ 1 1 1 1], L_0x7fffbf905da0, L_0x7fffbf905da0, L_0x7fffbf905da0, L_0x7fffbf905da0;
LS_0x7fffbf905e40_0_36 .concat [ 1 1 1 1], L_0x7fffbf905da0, L_0x7fffbf905da0, L_0x7fffbf905da0, L_0x7fffbf905da0;
LS_0x7fffbf905e40_0_40 .concat [ 1 1 1 1], L_0x7fffbf905da0, L_0x7fffbf905da0, L_0x7fffbf905da0, L_0x7fffbf905da0;
LS_0x7fffbf905e40_0_44 .concat [ 1 1 1 1], L_0x7fffbf905da0, L_0x7fffbf905da0, L_0x7fffbf905da0, L_0x7fffbf905da0;
LS_0x7fffbf905e40_0_48 .concat [ 1 1 1 1], L_0x7fffbf905da0, L_0x7fffbf905da0, L_0x7fffbf905da0, L_0x7fffbf905da0;
LS_0x7fffbf905e40_0_52 .concat [ 1 0 0 0], L_0x7fffbf905da0;
LS_0x7fffbf905e40_1_0 .concat [ 4 4 4 4], LS_0x7fffbf905e40_0_0, LS_0x7fffbf905e40_0_4, LS_0x7fffbf905e40_0_8, LS_0x7fffbf905e40_0_12;
LS_0x7fffbf905e40_1_4 .concat [ 4 4 4 4], LS_0x7fffbf905e40_0_16, LS_0x7fffbf905e40_0_20, LS_0x7fffbf905e40_0_24, LS_0x7fffbf905e40_0_28;
LS_0x7fffbf905e40_1_8 .concat [ 4 4 4 4], LS_0x7fffbf905e40_0_32, LS_0x7fffbf905e40_0_36, LS_0x7fffbf905e40_0_40, LS_0x7fffbf905e40_0_44;
LS_0x7fffbf905e40_1_12 .concat [ 4 1 0 0], LS_0x7fffbf905e40_0_48, LS_0x7fffbf905e40_0_52;
L_0x7fffbf905e40 .concat [ 16 16 16 5], LS_0x7fffbf905e40_1_0, LS_0x7fffbf905e40_1_4, LS_0x7fffbf905e40_1_8, LS_0x7fffbf905e40_1_12;
L_0x7fffbf9064f0 .part v0x7fffbf9053b0_0, 25, 6;
L_0x7fffbf906590 .part v0x7fffbf9053b0_0, 7, 5;
L_0x7fffbf906680 .concat [ 5 6 53 0], L_0x7fffbf906590, L_0x7fffbf9064f0, L_0x7fffbf905e40;
L_0x7fffbf906820 .part v0x7fffbf9053b0_0, 31, 1;
LS_0x7fffbf906920_0_0 .concat [ 1 1 1 1], L_0x7fffbf906820, L_0x7fffbf906820, L_0x7fffbf906820, L_0x7fffbf906820;
LS_0x7fffbf906920_0_4 .concat [ 1 1 1 1], L_0x7fffbf906820, L_0x7fffbf906820, L_0x7fffbf906820, L_0x7fffbf906820;
LS_0x7fffbf906920_0_8 .concat [ 1 1 1 1], L_0x7fffbf906820, L_0x7fffbf906820, L_0x7fffbf906820, L_0x7fffbf906820;
LS_0x7fffbf906920_0_12 .concat [ 1 1 1 1], L_0x7fffbf906820, L_0x7fffbf906820, L_0x7fffbf906820, L_0x7fffbf906820;
LS_0x7fffbf906920_0_16 .concat [ 1 1 1 1], L_0x7fffbf906820, L_0x7fffbf906820, L_0x7fffbf906820, L_0x7fffbf906820;
LS_0x7fffbf906920_0_20 .concat [ 1 1 1 1], L_0x7fffbf906820, L_0x7fffbf906820, L_0x7fffbf906820, L_0x7fffbf906820;
LS_0x7fffbf906920_0_24 .concat [ 1 1 1 1], L_0x7fffbf906820, L_0x7fffbf906820, L_0x7fffbf906820, L_0x7fffbf906820;
LS_0x7fffbf906920_0_28 .concat [ 1 1 1 1], L_0x7fffbf906820, L_0x7fffbf906820, L_0x7fffbf906820, L_0x7fffbf906820;
LS_0x7fffbf906920_0_32 .concat [ 1 1 1 1], L_0x7fffbf906820, L_0x7fffbf906820, L_0x7fffbf906820, L_0x7fffbf906820;
LS_0x7fffbf906920_0_36 .concat [ 1 1 1 1], L_0x7fffbf906820, L_0x7fffbf906820, L_0x7fffbf906820, L_0x7fffbf906820;
LS_0x7fffbf906920_0_40 .concat [ 1 1 1 1], L_0x7fffbf906820, L_0x7fffbf906820, L_0x7fffbf906820, L_0x7fffbf906820;
LS_0x7fffbf906920_0_44 .concat [ 1 1 1 1], L_0x7fffbf906820, L_0x7fffbf906820, L_0x7fffbf906820, L_0x7fffbf906820;
LS_0x7fffbf906920_0_48 .concat [ 1 1 1 1], L_0x7fffbf906820, L_0x7fffbf906820, L_0x7fffbf906820, L_0x7fffbf906820;
LS_0x7fffbf906920_0_52 .concat [ 1 0 0 0], L_0x7fffbf906820;
LS_0x7fffbf906920_1_0 .concat [ 4 4 4 4], LS_0x7fffbf906920_0_0, LS_0x7fffbf906920_0_4, LS_0x7fffbf906920_0_8, LS_0x7fffbf906920_0_12;
LS_0x7fffbf906920_1_4 .concat [ 4 4 4 4], LS_0x7fffbf906920_0_16, LS_0x7fffbf906920_0_20, LS_0x7fffbf906920_0_24, LS_0x7fffbf906920_0_28;
LS_0x7fffbf906920_1_8 .concat [ 4 4 4 4], LS_0x7fffbf906920_0_32, LS_0x7fffbf906920_0_36, LS_0x7fffbf906920_0_40, LS_0x7fffbf906920_0_44;
LS_0x7fffbf906920_1_12 .concat [ 4 1 0 0], LS_0x7fffbf906920_0_48, LS_0x7fffbf906920_0_52;
L_0x7fffbf906920 .concat [ 16 16 16 5], LS_0x7fffbf906920_1_0, LS_0x7fffbf906920_1_4, LS_0x7fffbf906920_1_8, LS_0x7fffbf906920_1_12;
L_0x7fffbf906f90 .part v0x7fffbf9053b0_0, 7, 1;
L_0x7fffbf9070a0 .part v0x7fffbf9053b0_0, 25, 6;
L_0x7fffbf907140 .part v0x7fffbf9053b0_0, 8, 4;
L_0x7fffbf907290 .concat [ 4 6 1 53], L_0x7fffbf907140, L_0x7fffbf9070a0, L_0x7fffbf906f90, L_0x7fffbf906920;
    .scope S_0x7fffbf8e4380;
T_0 ;
    %wait E_0x7fffbf8d6ca0;
    %load/vec4 v0x7fffbf9051b0_0;
    %parti/s 5, 2, 3;
    %dup/vec4;
    %pushi/vec4 0, 0, 5;
    %cmp/u;
    %jmp/1 T_0.0, 6;
    %dup/vec4;
    %pushi/vec4 8, 0, 5;
    %cmp/u;
    %jmp/1 T_0.1, 6;
    %dup/vec4;
    %pushi/vec4 24, 0, 5;
    %cmp/u;
    %jmp/1 T_0.2, 6;
    %pushi/vec4 4294967295, 4294967295, 32;
    %concati/vec4 4294967295, 4294967295, 32;
    %store/vec4 v0x7fffbf904e30_0, 0, 64;
    %jmp T_0.4;
T_0.0 ;
    %load/vec4 v0x7fffbf904ff0_0;
    %store/vec4 v0x7fffbf904e30_0, 0, 64;
    %jmp T_0.4;
T_0.1 ;
    %load/vec4 v0x7fffbf9050d0_0;
    %store/vec4 v0x7fffbf904e30_0, 0, 64;
    %jmp T_0.4;
T_0.2 ;
    %load/vec4 v0x7fffbf904f10_0;
    %store/vec4 v0x7fffbf904e30_0, 0, 64;
    %jmp T_0.4;
T_0.4 ;
    %pop/vec4 1;
    %jmp T_0;
    .thread T_0, $push;
    .scope S_0x7fffbf8e4200;
T_1 ;
    %vpi_call 2 8 "$dumpfile", "immgen_test.vcd" {0 0 0};
    %vpi_call 2 9 "$dumpvars", 32'sb00000000000000000000000000000000, S_0x7fffbf8e4380 {0 0 0};
    %vpi_call 2 10 "$monitor", "%h, %h ", v0x7fffbf9053b0_0, v0x7fffbf9052f0_0 {0 0 0};
    %pushi/vec4 5, 0, 32;
    %store/vec4 v0x7fffbf9053b0_0, 0, 32;
    %pushi/vec4 0, 0, 5;
    %ix/load 4, 2, 0;
    %flag_set/imm 4, 0;
    %store/vec4 v0x7fffbf9053b0_0, 4, 5;
    %delay 10, 0;
    %pushi/vec4 7, 0, 32;
    %store/vec4 v0x7fffbf9053b0_0, 0, 32;
    %pushi/vec4 8, 0, 5;
    %ix/load 4, 2, 0;
    %flag_set/imm 4, 0;
    %store/vec4 v0x7fffbf9053b0_0, 4, 5;
    %delay 10, 0;
    %pushi/vec4 9, 0, 32;
    %store/vec4 v0x7fffbf9053b0_0, 0, 32;
    %pushi/vec4 24, 0, 5;
    %ix/load 4, 2, 0;
    %flag_set/imm 4, 0;
    %store/vec4 v0x7fffbf9053b0_0, 4, 5;
    %delay 10, 0;
    %vpi_call 2 14 "$finish" {0 0 0};
    %end;
    .thread T_1;
# The file index is used to find the file name in the following table.
:file_names 4;
    "N/A";
    "<interactive>";
    "immgen_test.v";
    "./immgen.v";
